-A0*exp(-(x-x00)^2/(2*sigma_x0^2) - (y-y00)^2/(2*sigma_y0^2))
-A1*exp(-(x-x01)^2/(2*sigma_x1^2) - (y-y01)^2/(2*sigma_y1^2))
-A2*exp(-(x-x02)^2/(2*sigma_x2^2) - (y-y02)^2/(2*sigma_y2^2))
-A3*exp(-(x-x03)^2/(2*sigma_x3^2) - (y-y03)^2/(2*sigma_y3^2))
-A4*exp(-(x-x04)^2/(2*sigma_x4^2) - (y-y04)^2/(2*sigma_y4^2))
-A5*exp(-(x-x05)^2/(2*sigma_x5^2) - (y-y05)^2/(2*sigma_y5^2))
-A6*exp(-(x-x06)^2/(2*sigma_x6^2) - (y-y06)^2/(2*sigma_y6^2))
-A7*exp(-(x-x07)^2/(2*sigma_x7^2) - (y-y07)^2/(2*sigma_y7^2))
-A8*exp(-(x-x08)^2/(2*sigma_x8^2) - (y-y08)^2/(2*sigma_y8^2))
A9*exp(-(x-x09)^2/(2*sigma_x9^2) - (y-y09)^2/(2*sigma_y9^2))
minimizing energy
minimizing energy done, time: 0.95

  0%|          | 0/50000.0 [00:00<?, ?it/s]
 10%|█         | 5000/50000.0 [1:06:10<9:55:30,  1.26it/s]
 20%|██        | 10000/50000.0 [1:39:30<6:14:51,  1.78it/s]
 30%|███       | 15000/50000.0 [2:51:24<6:48:02,  1.43it/s]
 40%|████      | 20000/50000.0 [3:57:00<6:07:04,  1.36it/s]
 50%|█████     | 25000/50000.0 [5:22:53<5:50:25,  1.19it/s]
 60%|██████    | 30000/50000.0 [8:15:33<6:59:51,  1.26s/it]
 70%|███████   | 35000/50000.0 [9:06:50<4:22:14,  1.05s/it]
 80%|████████  | 40000/50000.0 [9:52:26<2:28:12,  1.12it/s]
 90%|█████████ | 45000/50000.0 [10:41:23<1:06:14,  1.26it/s]
100%|█████████▉| 49999/50000.0 [11:25:03<00:00,  1.41it/s]  -A0*exp(-(x-x00)^2/(2*sigma_x0^2) - (y-y00)^2/(2*sigma_y0^2))
-A1*exp(-(x-x01)^2/(2*sigma_x1^2) - (y-y01)^2/(2*sigma_y1^2))
-A2*exp(-(x-x02)^2/(2*sigma_x2^2) - (y-y02)^2/(2*sigma_y2^2))
-A3*exp(-(x-x03)^2/(2*sigma_x3^2) - (y-y03)^2/(2*sigma_y3^2))
-A4*exp(-(x-x04)^2/(2*sigma_x4^2) - (y-y04)^2/(2*sigma_y4^2))
-A5*exp(-(x-x05)^2/(2*sigma_x5^2) - (y-y05)^2/(2*sigma_y5^2))
-A6*exp(-(x-x06)^2/(2*sigma_x6^2) - (y-y06)^2/(2*sigma_y6^2))
-A7*exp(-(x-x07)^2/(2*sigma_x7^2) - (y-y07)^2/(2*sigma_y7^2))
-A8*exp(-(x-x08)^2/(2*sigma_x8^2) - (y-y08)^2/(2*sigma_y8^2))
A9*exp(-(x-x09)^2/(2*sigma_x9^2) - (y-y09)^2/(2*sigma_y9^2))
minimizing energy
minimizing energy done, time: 0.13


  0%|          | 0/50000.0 [00:00<?, ?it/s][A
100%|█████████▉| 49999/50000.0 [11:33:32<00:00,  1.20it/s]


 10%|█         | 5000/50000.0 [48:44<7:18:39,  1.71it/s][A

 20%|██        | 10000/50000.0 [1:29:07<5:50:38,  1.90it/s][A

 30%|███       | 15000/50000.0 [1:50:30<3:55:03,  2.48it/s][A

 40%|████      | 20000/50000.0 [2:08:53<2:45:27,  3.02it/s][A

 50%|█████     | 25000/50000.0 [2:27:21<2:01:27,  3.43it/s][A

 60%|██████    | 30000/50000.0 [3:12:11<2:05:06,  2.66it/s][A

 70%|███████   | 35000/50000.0 [3:47:29<1:37:46,  2.56it/s][A

 80%|████████  | 40000/50000.0 [4:21:50<1:06:18,  2.51it/s][A

 90%|█████████ | 45000/50000.0 [5:02:37<35:32,  2.35it/s]  [A

100%|█████████▉| 49999/50000.0 [5:50:18<00:00,  2.12it/s][A-A0*exp(-(x-x00)^2/(2*sigma_x0^2) - (y-y00)^2/(2*sigma_y0^2))
-A1*exp(-(x-x01)^2/(2*sigma_x1^2) - (y-y01)^2/(2*sigma_y1^2))
-A2*exp(-(x-x02)^2/(2*sigma_x2^2) - (y-y02)^2/(2*sigma_y2^2))
-A3*exp(-(x-x03)^2/(2*sigma_x3^2) - (y-y03)^2/(2*sigma_y3^2))
-A4*exp(-(x-x04)^2/(2*sigma_x4^2) - (y-y04)^2/(2*sigma_y4^2))
-A5*exp(-(x-x05)^2/(2*sigma_x5^2) - (y-y05)^2/(2*sigma_y5^2))
-A6*exp(-(x-x06)^2/(2*sigma_x6^2) - (y-y06)^2/(2*sigma_y6^2))
-A7*exp(-(x-x07)^2/(2*sigma_x7^2) - (y-y07)^2/(2*sigma_y7^2))
-A8*exp(-(x-x08)^2/(2*sigma_x8^2) - (y-y08)^2/(2*sigma_y8^2))
A9*exp(-(x-x09)^2/(2*sigma_x9^2) - (y-y09)^2/(2*sigma_y9^2))
minimizing energy
minimizing energy done, time: 0.13

  0%|          | 0/50000.0 [00:00<?, ?it/s]
100%|█████████▉| 49999/50000.0 [6:00:49<00:00,  2.31it/s]

 10%|█         | 5000/50000.0 [39:58<5:59:45,  2.08it/s]
 20%|██        | 10000/50000.0 [1:30:32<6:09:37,  1.80it/s]
 30%|███       | 15000/50000.0 [2:22:04<5:40:29,  1.71it/s]
 40%|████      | 20000/50000.0 [3:20:30<5:15:01,  1.59it/s]
 50%|█████     | 25000/50000.0 [4:16:45<4:29:16,  1.55it/s]
 60%|██████    | 30000/50000.0 [4:59:40<3:20:33,  1.66it/s]
 70%|███████   | 35000/50000.0 [5:52:39<2:33:12,  1.63it/s]
 80%|████████  | 40000/50000.0 [6:49:24<1:45:45,  1.58it/s]
 90%|█████████ | 45000/50000.0 [7:42:22<52:54,  1.58it/s]  
100%|█████████▉| 49999/50000.0 [8:45:02<00:00,  1.49it/s]-A0*exp(-(x-x00)^2/(2*sigma_x0^2) - (y-y00)^2/(2*sigma_y0^2))
-A1*exp(-(x-x01)^2/(2*sigma_x1^2) - (y-y01)^2/(2*sigma_y1^2))
-A2*exp(-(x-x02)^2/(2*sigma_x2^2) - (y-y02)^2/(2*sigma_y2^2))
-A3*exp(-(x-x03)^2/(2*sigma_x3^2) - (y-y03)^2/(2*sigma_y3^2))
-A4*exp(-(x-x04)^2/(2*sigma_x4^2) - (y-y04)^2/(2*sigma_y4^2))
-A5*exp(-(x-x05)^2/(2*sigma_x5^2) - (y-y05)^2/(2*sigma_y5^2))
-A6*exp(-(x-x06)^2/(2*sigma_x6^2) - (y-y06)^2/(2*sigma_y6^2))
-A7*exp(-(x-x07)^2/(2*sigma_x7^2) - (y-y07)^2/(2*sigma_y7^2))
-A8*exp(-(x-x08)^2/(2*sigma_x8^2) - (y-y08)^2/(2*sigma_y8^2))
A9*exp(-(x-x09)^2/(2*sigma_x9^2) - (y-y09)^2/(2*sigma_y9^2))
minimizing energy
minimizing energy done, time: 0.27


  0%|          | 0/50000.0 [00:00<?, ?it/s][A
100%|█████████▉| 49999/50000.0 [8:53:54<00:00,  1.56it/s]


 10%|█         | 5000/50000.0 [42:22<6:21:18,  1.97it/s][A

 20%|██        | 10000/50000.0 [1:45:05<7:14:45,  1.53it/s][A

 30%|███       | 15000/50000.0 [2:47:43<6:46:54,  1.43it/s][A

 40%|████      | 20000/50000.0 [3:50:27<5:59:40,  1.39it/s][A

 50%|█████     | 25000/50000.0 [4:53:10<5:04:43,  1.37it/s][A

 60%|██████    | 30000/50000.0 [5:56:00<4:06:20,  1.35it/s][A

 70%|███████   | 35000/50000.0 [6:58:37<3:05:46,  1.35it/s][A

 80%|████████  | 40000/50000.0 [8:01:12<2:04:16,  1.34it/s][A

 90%|█████████ | 45000/50000.0 [9:03:46<1:02:16,  1.34it/s][A

100%|█████████▉| 49999/50000.0 [10:06:23<00:00,  1.34it/s] [A-A0*exp(-(x-x00)^2/(2*sigma_x0^2) - (y-y00)^2/(2*sigma_y0^2))
-A1*exp(-(x-x01)^2/(2*sigma_x1^2) - (y-y01)^2/(2*sigma_y1^2))
-A2*exp(-(x-x02)^2/(2*sigma_x2^2) - (y-y02)^2/(2*sigma_y2^2))
-A3*exp(-(x-x03)^2/(2*sigma_x3^2) - (y-y03)^2/(2*sigma_y3^2))
-A4*exp(-(x-x04)^2/(2*sigma_x4^2) - (y-y04)^2/(2*sigma_y4^2))
-A5*exp(-(x-x05)^2/(2*sigma_x5^2) - (y-y05)^2/(2*sigma_y5^2))
-A6*exp(-(x-x06)^2/(2*sigma_x6^2) - (y-y06)^2/(2*sigma_y6^2))
-A7*exp(-(x-x07)^2/(2*sigma_x7^2) - (y-y07)^2/(2*sigma_y7^2))
-A8*exp(-(x-x08)^2/(2*sigma_x8^2) - (y-y08)^2/(2*sigma_y8^2))
A9*exp(-(x-x09)^2/(2*sigma_x9^2) - (y-y09)^2/(2*sigma_y9^2))
minimizing energy
minimizing energy done, time: 0.57

  0%|          | 0/50000.0 [00:00<?, ?it/s]
100%|█████████▉| 49999/50000.0 [10:15:54<00:00,  1.35it/s]

 10%|█         | 5000/50000.0 [44:57<6:44:39,  1.85it/s]
 20%|██        | 10000/50000.0 [1:47:35<7:22:49,  1.51it/s]
 30%|███       | 15000/50000.0 [2:50:04<6:50:17,  1.42it/s]
 40%|████      | 20000/50000.0 [3:52:35<6:00:54,  1.39it/s]
 50%|█████     | 25000/50000.0 [4:55:03<5:04:55,  1.37it/s]
 60%|██████    | 30000/50000.0 [5:57:33<4:05:59,  1.36it/s]
 70%|███████   | 35000/50000.0 [7:00:16<3:05:42,  1.35it/s]
 80%|████████  | 40000/50000.0 [8:02:40<2:04:06,  1.34it/s]
 90%|█████████ | 45000/50000.0 [9:05:25<1:02:16,  1.34it/s]
100%|█████████▉| 49999/50000.0 [10:07:59<00:00,  1.34it/s] -A0*exp(-(x-x00)^2/(2*sigma_x0^2) - (y-y00)^2/(2*sigma_y0^2))
-A1*exp(-(x-x01)^2/(2*sigma_x1^2) - (y-y01)^2/(2*sigma_y1^2))
-A2*exp(-(x-x02)^2/(2*sigma_x2^2) - (y-y02)^2/(2*sigma_y2^2))
-A3*exp(-(x-x03)^2/(2*sigma_x3^2) - (y-y03)^2/(2*sigma_y3^2))
-A4*exp(-(x-x04)^2/(2*sigma_x4^2) - (y-y04)^2/(2*sigma_y4^2))
-A5*exp(-(x-x05)^2/(2*sigma_x5^2) - (y-y05)^2/(2*sigma_y5^2))
-A6*exp(-(x-x06)^2/(2*sigma_x6^2) - (y-y06)^2/(2*sigma_y6^2))
-A7*exp(-(x-x07)^2/(2*sigma_x7^2) - (y-y07)^2/(2*sigma_y7^2))
-A8*exp(-(x-x08)^2/(2*sigma_x8^2) - (y-y08)^2/(2*sigma_y8^2))
A9*exp(-(x-x09)^2/(2*sigma_x9^2) - (y-y09)^2/(2*sigma_y9^2))
minimizing energy
minimizing energy done, time: 0.61


  0%|          | 0/50000.0 [00:00<?, ?it/s][A
100%|█████████▉| 49999/50000.0 [10:17:48<00:00,  1.35it/s]


 10%|█         | 5000/50000.0 [48:04<7:12:39,  1.73it/s][A

 20%|██        | 10000/50000.0 [1:50:24<7:31:40,  1.48it/s][A

 30%|███       | 15000/50000.0 [2:52:58<6:54:43,  1.41it/s][A

 40%|████      | 20000/50000.0 [3:55:38<6:03:37,  1.38it/s][A

 50%|█████     | 25000/50000.0 [4:58:22<5:06:51,  1.36it/s][A

 60%|██████    | 30000/50000.0 [6:00:58<4:07:08,  1.35it/s][A

 70%|███████   | 35000/50000.0 [7:03:53<3:06:27,  1.34it/s][A

 80%|████████  | 40000/50000.0 [8:06:31<2:04:37,  1.34it/s][A

 90%|█████████ | 45000/50000.0 [9:09:07<1:02:23,  1.34it/s][A

100%|█████████▉| 49999/50000.0 [10:11:41<00:00,  1.33it/s] [A-A0*exp(-(x-x00)^2/(2*sigma_x0^2) - (y-y00)^2/(2*sigma_y0^2))
-A1*exp(-(x-x01)^2/(2*sigma_x1^2) - (y-y01)^2/(2*sigma_y1^2))
-A2*exp(-(x-x02)^2/(2*sigma_x2^2) - (y-y02)^2/(2*sigma_y2^2))
-A3*exp(-(x-x03)^2/(2*sigma_x3^2) - (y-y03)^2/(2*sigma_y3^2))
-A4*exp(-(x-x04)^2/(2*sigma_x4^2) - (y-y04)^2/(2*sigma_y4^2))
-A5*exp(-(x-x05)^2/(2*sigma_x5^2) - (y-y05)^2/(2*sigma_y5^2))
-A6*exp(-(x-x06)^2/(2*sigma_x6^2) - (y-y06)^2/(2*sigma_y6^2))
-A7*exp(-(x-x07)^2/(2*sigma_x7^2) - (y-y07)^2/(2*sigma_y7^2))
-A8*exp(-(x-x08)^2/(2*sigma_x8^2) - (y-y08)^2/(2*sigma_y8^2))
A9*exp(-(x-x09)^2/(2*sigma_x9^2) - (y-y09)^2/(2*sigma_y9^2))
minimizing energy
minimizing energy done, time: 0.50

  0%|          | 0/50000.0 [00:00<?, ?it/s]
100%|█████████▉| 49999/50000.0 [10:20:52<00:00,  1.34it/s]

 10%|█         | 5000/50000.0 [49:27<7:25:03,  1.69it/s]
 20%|██        | 10000/50000.0 [1:52:08<7:37:54,  1.46it/s]
 30%|███       | 15000/50000.0 [2:54:43<6:57:46,  1.40it/s]
 40%|████      | 20000/50000.0 [3:57:23<6:05:08,  1.37it/s]
 50%|█████     | 25000/50000.0 [5:00:10<5:07:44,  1.35it/s]
 60%|██████    | 30000/50000.0 [6:03:04<4:08:02,  1.34it/s]
 70%|███████   | 35000/50000.0 [7:06:00<3:06:56,  1.34it/s]
 80%|████████  | 40000/50000.0 [8:08:38<2:04:49,  1.34it/s]
 90%|█████████ | 45000/50000.0 [9:11:20<1:02:30,  1.33it/s]
100%|█████████▉| 49999/50000.0 [10:13:58<00:00,  1.33it/s] -A0*exp(-(x-x00)^2/(2*sigma_x0^2) - (y-y00)^2/(2*sigma_y0^2))
-A1*exp(-(x-x01)^2/(2*sigma_x1^2) - (y-y01)^2/(2*sigma_y1^2))
-A2*exp(-(x-x02)^2/(2*sigma_x2^2) - (y-y02)^2/(2*sigma_y2^2))
-A3*exp(-(x-x03)^2/(2*sigma_x3^2) - (y-y03)^2/(2*sigma_y3^2))
-A4*exp(-(x-x04)^2/(2*sigma_x4^2) - (y-y04)^2/(2*sigma_y4^2))
-A5*exp(-(x-x05)^2/(2*sigma_x5^2) - (y-y05)^2/(2*sigma_y5^2))
-A6*exp(-(x-x06)^2/(2*sigma_x6^2) - (y-y06)^2/(2*sigma_y6^2))
-A7*exp(-(x-x07)^2/(2*sigma_x7^2) - (y-y07)^2/(2*sigma_y7^2))
-A8*exp(-(x-x08)^2/(2*sigma_x8^2) - (y-y08)^2/(2*sigma_y8^2))
A9*exp(-(x-x09)^2/(2*sigma_x9^2) - (y-y09)^2/(2*sigma_y9^2))
minimizing energy
minimizing energy done, time: 0.85


  0%|          | 0/50000.0 [00:00<?, ?it/s][A
100%|█████████▉| 49999/50000.0 [10:22:46<00:00,  1.34it/s]


 10%|█         | 5000/50000.0 [49:01<7:21:16,  1.70it/s][A

 20%|██        | 10000/50000.0 [1:52:11<7:38:42,  1.45it/s][A

 30%|███       | 15000/50000.0 [2:55:00<6:58:55,  1.39it/s][A

 40%|████      | 20000/50000.0 [3:57:44<6:05:54,  1.37it/s][A
