A0*exp(-(x-x00)^2/(2*sigma_x0^2))
A1*exp(-(x-x01)^2/(2*sigma_x1^2))
A2*exp(-(x-x02)^2/(2*sigma_x2^2))
A3*exp(-(x-x03)^2/(2*sigma_x3^2))
A4*exp(-(x-x04)^2/(2*sigma_x4^2))
A5*exp(-(x-x05)^2/(2*sigma_x5^2))
A6*exp(-(x-x06)^2/(2*sigma_x6^2))
A7*exp(-(x-x07)^2/(2*sigma_x7^2))
A8*exp(-(x-x08)^2/(2*sigma_x8^2))
simulation step:  1000000
simulation step:  2000000
simulation step:  3000000
simulation step:  4000000
simulation step:  5000000
simulation step:  6000000
simulation step:  7000000
simulation step:  8000000
simulation step:  9000000
simulation step:  10000000
simulation step:  11000000
simulation step:  12000000
simulation step:  13000000
simulation step:  14000000
simulation step:  15000000
simulation step:  16000000
simulation step:  17000000
simulation step:  18000000
simulation step:  19000000
simulation step:  20000000
simulation step:  21000000
simulation step:  22000000
simulation step:  23000000
simulation step:  24000000
simulation step:  25000000
simulation step:  26000000
simulation step:  27000000
simulation step:  28000000
simulation step:  29000000
simulation step:  30000000
simulation step:  31000000
simulation step:  32000000
simulation step:  33000000
simulation step:  34000000
simulation step:  35000000
simulation step:  36000000
simulation step:  37000000
simulation step:  38000000
simulation step:  39000000
simulation step:  40000000
simulation step:  41000000
simulation step:  42000000
simulation step:  43000000
simulation step:  44000000
simulation step:  45000000
simulation step:  46000000
simulation step:  47000000
simulation step:  48000000
simulation step:  49000000
simulation step:  50000000
simulation step:  51000000
simulation step:  52000000
simulation step:  53000000
simulation step:  54000000
simulation step:  55000000
simulation step:  56000000
simulation step:  57000000
simulation step:  58000000
simulation step:  59000000
simulation step:  60000000
simulation step:  61000000
simulation step:  62000000
simulation step:  63000000
simulation step:  64000000
simulation step:  65000000
simulation step:  66000000
simulation step:  67000000
simulation step:  68000000
simulation step:  69000000
simulation step:  70000000
simulation step:  71000000
simulation step:  72000000
simulation step:  73000000
simulation step:  74000000
simulation step:  75000000
simulation step:  76000000
simulation step:  77000000
simulation step:  78000000
simulation step:  79000000
simulation step:  80000000
simulation step:  81000000
simulation step:  82000000
simulation step:  83000000
simulation step:  84000000
simulation step:  85000000
simulation step:  86000000
simulation step:  87000000
simulation step:  88000000
simulation step:  89000000
simulation step:  90000000
simulation step:  91000000
simulation step:  92000000
simulation step:  93000000
simulation step:  94000000
simulation step:  95000000
simulation step:  96000000
simulation step:  97000000
simulation step:  98000000
simulation step:  99000000
simulation step:  100000000
simulation step:  101000000
simulation step:  102000000
simulation step:  103000000
simulation step:  104000000
simulation step:  105000000
simulation step:  106000000
simulation step:  107000000
simulation step:  108000000
simulation step:  109000000
simulation step:  110000000
simulation step:  111000000
simulation step:  112000000
simulation step:  113000000
simulation step:  114000000
simulation step:  115000000
simulation step:  116000000
simulation step:  117000000
simulation step:  118000000
simulation step:  119000000
simulation step:  120000000
simulation step:  121000000
simulation step:  122000000
simulation step:  123000000
simulation step:  124000000
simulation step:  125000000
simulation step:  126000000
simulation step:  127000000
simulation step:  128000000
simulation step:  129000000
simulation step:  130000000
simulation step:  131000000
simulation step:  132000000
simulation step:  133000000
simulation step:  134000000
simulation step:  135000000
simulation step:  136000000
simulation step:  137000000
simulation step:  138000000
simulation step:  139000000
simulation step:  140000000
simulation step:  141000000
simulation step:  142000000
simulation step:  143000000
simulation step:  144000000
simulation step:  145000000
simulation step:  146000000
simulation step:  147000000
simulation step:  148000000
simulation step:  149000000
simulation step:  150000000
simulation step:  151000000
simulation step:  152000000
simulation step:  153000000
simulation step:  154000000
simulation step:  155000000
simulation step:  156000000
simulation step:  157000000
simulation step:  158000000
simulation step:  159000000
simulation step:  160000000
simulation step:  161000000
simulation step:  162000000
simulation step:  163000000
simulation step:  164000000
simulation step:  165000000
simulation step:  166000000
simulation step:  167000000
simulation step:  168000000
simulation step:  169000000
simulation step:  170000000
simulation step:  171000000
simulation step:  172000000
simulation step:  173000000
simulation step:  174000000
simulation step:  175000000
simulation step:  176000000
simulation step:  177000000
simulation step:  178000000
simulation step:  179000000
simulation step:  180000000
simulation step:  181000000
simulation step:  182000000
simulation step:  183000000
simulation step:  184000000
simulation step:  185000000
simulation step:  186000000
simulation step:  187000000
simulation step:  188000000
simulation step:  189000000
simulation step:  190000000
simulation step:  191000000
simulation step:  192000000
simulation step:  193000000
simulation step:  194000000
simulation step:  195000000
simulation step:  196000000
simulation step:  197000000
simulation step:  198000000
simulation step:  199000000
simulation step:  200000000
simulation step:  201000000
simulation step:  202000000
simulation step:  203000000
simulation step:  204000000
simulation step:  205000000
simulation step:  206000000
simulation step:  207000000
simulation step:  208000000
simulation step:  209000000
simulation step:  210000000
simulation step:  211000000
simulation step:  212000000
simulation step:  213000000
simulation step:  214000000
simulation step:  215000000
simulation step:  216000000
simulation step:  217000000
simulation step:  218000000
simulation step:  219000000
simulation step:  220000000
simulation step:  221000000
simulation step:  222000000
simulation step:  223000000
simulation step:  224000000
simulation step:  225000000
simulation step:  226000000
simulation step:  227000000
simulation step:  228000000
simulation step:  229000000
simulation step:  230000000
simulation step:  231000000
simulation step:  232000000
simulation step:  233000000
simulation step:  234000000
simulation step:  235000000
simulation step:  236000000
simulation step:  237000000
simulation step:  238000000
simulation step:  239000000
simulation step:  240000000
simulation step:  241000000
simulation step:  242000000
simulation step:  243000000
simulation step:  244000000
simulation step:  245000000
simulation step:  246000000
simulation step:  247000000
simulation step:  248000000
simulation step:  249000000
simulation step:  250000000
simulation step:  251000000
simulation step:  252000000
simulation step:  253000000
simulation step:  254000000
simulation step:  255000000
simulation step:  256000000
simulation step:  257000000
simulation step:  258000000
simulation step:  259000000
simulation step:  260000000
simulation step:  261000000
simulation step:  262000000
simulation step:  263000000
simulation step:  264000000
simulation step:  265000000
simulation step:  266000000
simulation step:  267000000
simulation step:  268000000
simulation step:  269000000
simulation step:  270000000
simulation step:  271000000
simulation step:  272000000
simulation step:  273000000
simulation step:  274000000
simulation step:  275000000
simulation step:  276000000
simulation step:  277000000
simulation step:  278000000
simulation step:  279000000
simulation step:  280000000
simulation step:  281000000
simulation step:  282000000
simulation step:  283000000
simulation step:  284000000
simulation step:  285000000
simulation step:  286000000
simulation step:  287000000
simulation step:  288000000
simulation step:  289000000
simulation step:  290000000
simulation step:  291000000
simulation step:  292000000
simulation step:  293000000
simulation step:  294000000
simulation step:  295000000
simulation step:  296000000
simulation step:  297000000
simulation step:  298000000
simulation step:  299000000
simulation step:  300000000
simulation step:  301000000
simulation step:  302000000
simulation step:  303000000
simulation step:  304000000
simulation step:  305000000
simulation step:  306000000
simulation step:  307000000
simulation step:  308000000
simulation step:  309000000
simulation step:  310000000
simulation step:  311000000
simulation step:  312000000
simulation step:  313000000
simulation step:  314000000
simulation step:  315000000
simulation step:  316000000
simulation step:  317000000
simulation step:  318000000
simulation step:  319000000
simulation step:  320000000
simulation step:  321000000
simulation step:  322000000
simulation step:  323000000
simulation step:  324000000
simulation step:  325000000
simulation step:  326000000
simulation step:  327000000
simulation step:  328000000
simulation step:  329000000
simulation step:  330000000
simulation step:  331000000
simulation step:  332000000
simulation step:  333000000
simulation step:  334000000
simulation step:  335000000
simulation step:  336000000
simulation step:  337000000
simulation step:  338000000
simulation step:  339000000
simulation step:  340000000
simulation step:  341000000
simulation step:  342000000
simulation step:  343000000
simulation step:  344000000
simulation step:  345000000
simulation step:  346000000
simulation step:  347000000
simulation step:  348000000
simulation step:  349000000
simulation step:  350000000
simulation step:  351000000
simulation step:  352000000
simulation step:  353000000
simulation step:  354000000
simulation step:  355000000
simulation step:  356000000
simulation step:  357000000
simulation step:  358000000
simulation step:  359000000
simulation step:  360000000
simulation step:  361000000
simulation step:  362000000
simulation step:  363000000
simulation step:  364000000
simulation step:  365000000
simulation step:  366000000
simulation step:  367000000
simulation step:  368000000
simulation step:  369000000
simulation step:  370000000
simulation step:  371000000
simulation step:  372000000
simulation step:  373000000
simulation step:  374000000
simulation step:  375000000
simulation step:  376000000
simulation step:  377000000
simulation step:  378000000
simulation step:  379000000
simulation step:  380000000
simulation step:  381000000
simulation step:  382000000
simulation step:  383000000
simulation step:  384000000
simulation step:  385000000
simulation step:  386000000
simulation step:  387000000
simulation step:  388000000
simulation step:  389000000
simulation step:  390000000
simulation step:  391000000
simulation step:  392000000
simulation step:  393000000
simulation step:  394000000
simulation step:  395000000
simulation step:  396000000
simulation step:  397000000
simulation step:  398000000
simulation step:  399000000
simulation step:  400000000
simulation step:  401000000
simulation step:  402000000
simulation step:  403000000
simulation step:  404000000
simulation step:  405000000
simulation step:  406000000
simulation step:  407000000
simulation step:  408000000
simulation step:  409000000
simulation step:  410000000
simulation step:  411000000
simulation step:  412000000
simulation step:  413000000
simulation step:  414000000
simulation step:  415000000
simulation step:  416000000
simulation step:  417000000
simulation step:  418000000
simulation step:  419000000
simulation step:  420000000
simulation step:  421000000
simulation step:  422000000
simulation step:  423000000
simulation step:  424000000
simulation step:  425000000
simulation step:  426000000
simulation step:  427000000
simulation step:  428000000
simulation step:  429000000
simulation step:  430000000
simulation step:  431000000
simulation step:  432000000
simulation step:  433000000
simulation step:  434000000
simulation step:  435000000
simulation step:  436000000
simulation step:  437000000
simulation step:  438000000
simulation step:  439000000
simulation step:  440000000
simulation step:  441000000
simulation step:  442000000
simulation step:  443000000
simulation step:  444000000
simulation step:  445000000
simulation step:  446000000
simulation step:  447000000
simulation step:  448000000
simulation step:  449000000
simulation step:  450000000
simulation step:  451000000
simulation step:  452000000
simulation step:  453000000
simulation step:  454000000
simulation step:  455000000
simulation step:  456000000
simulation step:  457000000
simulation step:  458000000
simulation step:  459000000
simulation step:  460000000
simulation step:  461000000
simulation step:  462000000
simulation step:  463000000
simulation step:  464000000
simulation step:  465000000
simulation step:  466000000
simulation step:  467000000
simulation step:  468000000
simulation step:  469000000
simulation step:  470000000
simulation step:  471000000
simulation step:  472000000
simulation step:  473000000
simulation step:  474000000
simulation step:  475000000
simulation step:  476000000
simulation step:  477000000
simulation step:  478000000
simulation step:  479000000
simulation step:  480000000
simulation step:  481000000
simulation step:  482000000
simulation step:  483000000
simulation step:  484000000
simulation step:  485000000
simulation step:  486000000
simulation step:  487000000
simulation step:  488000000
simulation step:  489000000
simulation step:  490000000
simulation step:  491000000
simulation step:  492000000
simulation step:  493000000
simulation step:  494000000
simulation step:  495000000
simulation step:  496000000
simulation step:  497000000
simulation step:  498000000
simulation step:  499000000
simulation step:  500000000
Traceback (most recent call last):
  File "/home/tj/WORK/RL_MFPT/1D_langevin_sim/langevin_sim_unbiased.py", line 105, in <module>
    pos_traj[i,:] = state.getPositions(asNumpy=True)[0]
    ~~~~~~~~^^^^^
IndexError: index 5000000 is out of bounds for axis 0 with size 5000000
