-A0*exp(-(x-x00)^2/(2*sigma_x0^2) - (y-y00)^2/(2*sigma_y0^2))
-A1*exp(-(x-x01)^2/(2*sigma_x1^2) - (y-y01)^2/(2*sigma_y1^2))
-A2*exp(-(x-x02)^2/(2*sigma_x2^2) - (y-y02)^2/(2*sigma_y2^2))
-A3*exp(-(x-x03)^2/(2*sigma_x3^2) - (y-y03)^2/(2*sigma_y3^2))
-A4*exp(-(x-x04)^2/(2*sigma_x4^2) - (y-y04)^2/(2*sigma_y4^2))
-A5*exp(-(x-x05)^2/(2*sigma_x5^2) - (y-y05)^2/(2*sigma_y5^2))
-A6*exp(-(x-x06)^2/(2*sigma_x6^2) - (y-y06)^2/(2*sigma_y6^2))
-A7*exp(-(x-x07)^2/(2*sigma_x7^2) - (y-y07)^2/(2*sigma_y7^2))
-A8*exp(-(x-x08)^2/(2*sigma_x8^2) - (y-y08)^2/(2*sigma_y8^2))
A9*exp(-(x-x09)^2/(2*sigma_x9^2) - (y-y09)^2/(2*sigma_y9^2))
minimizing energy
minimizing energy done, time: 0.41

  0%|          | 0/50000.0 [00:00<?, ?it/s]
 10%|█         | 5000/50000.0 [1:40:58<15:08:49,  1.21s/it]
 20%|██        | 10000/50000.0 [3:13:17<12:47:00,  1.15s/it]
 30%|███       | 15000/50000.0 [4:26:38<9:59:10,  1.03s/it] 
 40%|████      | 20000/50000.0 [5:43:46<8:13:31,  1.01it/s]
 50%|█████     | 25000/50000.0 [6:52:54<6:27:36,  1.07it/s]
 60%|██████    | 30000/50000.0 [8:06:28<5:04:42,  1.09it/s]
 70%|███████   | 35000/50000.0 [9:25:21<3:51:11,  1.08it/s]
 80%|████████  | 40000/50000.0 [10:35:47<2:29:54,  1.11it/s]
 90%|█████████ | 45000/50000.0 [11:43:49<1:12:47,  1.14it/s]
100%|█████████▉| 49999/50000.0 [12:26:29<00:00,  1.31it/s]  -A0*exp(-(x-x00)^2/(2*sigma_x0^2) - (y-y00)^2/(2*sigma_y0^2))
-A1*exp(-(x-x01)^2/(2*sigma_x1^2) - (y-y01)^2/(2*sigma_y1^2))
-A2*exp(-(x-x02)^2/(2*sigma_x2^2) - (y-y02)^2/(2*sigma_y2^2))
-A3*exp(-(x-x03)^2/(2*sigma_x3^2) - (y-y03)^2/(2*sigma_y3^2))
-A4*exp(-(x-x04)^2/(2*sigma_x4^2) - (y-y04)^2/(2*sigma_y4^2))
-A5*exp(-(x-x05)^2/(2*sigma_x5^2) - (y-y05)^2/(2*sigma_y5^2))
-A6*exp(-(x-x06)^2/(2*sigma_x6^2) - (y-y06)^2/(2*sigma_y6^2))
-A7*exp(-(x-x07)^2/(2*sigma_x7^2) - (y-y07)^2/(2*sigma_y7^2))
-A8*exp(-(x-x08)^2/(2*sigma_x8^2) - (y-y08)^2/(2*sigma_y8^2))
A9*exp(-(x-x09)^2/(2*sigma_x9^2) - (y-y09)^2/(2*sigma_y9^2))
minimizing energy
minimizing energy done, time: 0.51


  0%|          | 0/50000.0 [00:00<?, ?it/s][A
100%|█████████▉| 49999/50000.0 [12:35:29<00:00,  1.10it/s]


 10%|█         | 5000/50000.0 [1:02:38<9:23:45,  1.33it/s][A

 20%|██        | 10000/50000.0 [2:05:14<8:20:55,  1.33it/s][A

 30%|███       | 15000/50000.0 [3:07:52<7:18:23,  1.33it/s][A

 40%|████      | 20000/50000.0 [4:10:34<6:15:56,  1.33it/s][A

 50%|█████     | 25000/50000.0 [5:13:31<5:13:48,  1.33it/s][A

 60%|██████    | 30000/50000.0 [6:16:21<4:11:08,  1.33it/s][A

 70%|███████   | 35000/50000.0 [7:19:10<3:08:23,  1.33it/s][A

 80%|████████  | 40000/50000.0 [8:21:58<2:05:35,  1.33it/s][A

 90%|█████████ | 45000/50000.0 [9:24:53<1:02:49,  1.33it/s][A

100%|█████████▉| 49999/50000.0 [10:06:18<00:00,  1.48it/s] [A-A0*exp(-(x-x00)^2/(2*sigma_x0^2) - (y-y00)^2/(2*sigma_y0^2))
-A1*exp(-(x-x01)^2/(2*sigma_x1^2) - (y-y01)^2/(2*sigma_y1^2))
-A2*exp(-(x-x02)^2/(2*sigma_x2^2) - (y-y02)^2/(2*sigma_y2^2))
-A3*exp(-(x-x03)^2/(2*sigma_x3^2) - (y-y03)^2/(2*sigma_y3^2))
-A4*exp(-(x-x04)^2/(2*sigma_x4^2) - (y-y04)^2/(2*sigma_y4^2))
-A5*exp(-(x-x05)^2/(2*sigma_x5^2) - (y-y05)^2/(2*sigma_y5^2))
-A6*exp(-(x-x06)^2/(2*sigma_x6^2) - (y-y06)^2/(2*sigma_y6^2))
-A7*exp(-(x-x07)^2/(2*sigma_x7^2) - (y-y07)^2/(2*sigma_y7^2))
-A8*exp(-(x-x08)^2/(2*sigma_x8^2) - (y-y08)^2/(2*sigma_y8^2))
A9*exp(-(x-x09)^2/(2*sigma_x9^2) - (y-y09)^2/(2*sigma_y9^2))
minimizing energy
minimizing energy done, time: 0.68

  0%|          | 0/50000.0 [00:00<?, ?it/s]
100%|█████████▉| 49999/50000.0 [10:15:06<00:00,  1.35it/s]

 10%|█         | 5000/50000.0 [1:02:41<9:24:11,  1.33it/s]
 20%|██        | 10000/50000.0 [2:05:15<8:20:58,  1.33it/s]
 30%|███       | 15000/50000.0 [3:07:57<7:18:34,  1.33it/s]
 40%|████      | 20000/50000.0 [4:10:28<6:15:36,  1.33it/s]
 50%|█████     | 25000/50000.0 [5:13:04<5:13:00,  1.33it/s]
 60%|██████    | 30000/50000.0 [6:15:38<4:10:21,  1.33it/s]
 70%|███████   | 35000/50000.0 [7:18:13<3:07:46,  1.33it/s]
 80%|████████  | 40000/50000.0 [8:20:44<2:05:07,  1.33it/s]
 90%|█████████ | 45000/50000.0 [9:23:19<1:02:34,  1.33it/s]
100%|█████████▉| 49999/50000.0 [10:07:34<00:00,  1.46it/s] -A0*exp(-(x-x00)^2/(2*sigma_x0^2) - (y-y00)^2/(2*sigma_y0^2))
-A1*exp(-(x-x01)^2/(2*sigma_x1^2) - (y-y01)^2/(2*sigma_y1^2))
-A2*exp(-(x-x02)^2/(2*sigma_x2^2) - (y-y02)^2/(2*sigma_y2^2))
-A3*exp(-(x-x03)^2/(2*sigma_x3^2) - (y-y03)^2/(2*sigma_y3^2))
-A4*exp(-(x-x04)^2/(2*sigma_x4^2) - (y-y04)^2/(2*sigma_y4^2))
-A5*exp(-(x-x05)^2/(2*sigma_x5^2) - (y-y05)^2/(2*sigma_y5^2))
-A6*exp(-(x-x06)^2/(2*sigma_x6^2) - (y-y06)^2/(2*sigma_y6^2))
-A7*exp(-(x-x07)^2/(2*sigma_x7^2) - (y-y07)^2/(2*sigma_y7^2))
-A8*exp(-(x-x08)^2/(2*sigma_x8^2) - (y-y08)^2/(2*sigma_y8^2))
A9*exp(-(x-x09)^2/(2*sigma_x9^2) - (y-y09)^2/(2*sigma_y9^2))
minimizing energy
minimizing energy done, time: 0.87


  0%|          | 0/50000.0 [00:00<?, ?it/s][A
100%|█████████▉| 49999/50000.0 [10:16:17<00:00,  1.35it/s]


 10%|█         | 5000/50000.0 [1:02:24<9:21:43,  1.34it/s][A

 20%|██        | 10000/50000.0 [2:04:58<8:20:01,  1.33it/s][A

 30%|███       | 15000/50000.0 [3:07:51<7:18:43,  1.33it/s][A

 40%|████      | 20000/50000.0 [4:10:41<6:16:25,  1.33it/s][A

 50%|█████     | 25000/50000.0 [5:13:33<5:13:54,  1.33it/s][A

 60%|██████    | 30000/50000.0 [6:16:21<4:11:09,  1.33it/s][A

 70%|███████   | 35000/50000.0 [7:19:04<3:08:18,  1.33it/s][A

 80%|████████  | 40000/50000.0 [8:21:24<2:05:15,  1.33it/s][A

 90%|█████████ | 45000/50000.0 [9:24:09<1:02:39,  1.33it/s][A

100%|█████████▉| 49999/50000.0 [10:11:32<00:00,  1.44it/s] [A-A0*exp(-(x-x00)^2/(2*sigma_x0^2) - (y-y00)^2/(2*sigma_y0^2))
-A1*exp(-(x-x01)^2/(2*sigma_x1^2) - (y-y01)^2/(2*sigma_y1^2))
-A2*exp(-(x-x02)^2/(2*sigma_x2^2) - (y-y02)^2/(2*sigma_y2^2))
-A3*exp(-(x-x03)^2/(2*sigma_x3^2) - (y-y03)^2/(2*sigma_y3^2))
-A4*exp(-(x-x04)^2/(2*sigma_x4^2) - (y-y04)^2/(2*sigma_y4^2))
-A5*exp(-(x-x05)^2/(2*sigma_x5^2) - (y-y05)^2/(2*sigma_y5^2))
-A6*exp(-(x-x06)^2/(2*sigma_x6^2) - (y-y06)^2/(2*sigma_y6^2))
-A7*exp(-(x-x07)^2/(2*sigma_x7^2) - (y-y07)^2/(2*sigma_y7^2))
-A8*exp(-(x-x08)^2/(2*sigma_x8^2) - (y-y08)^2/(2*sigma_y8^2))
A9*exp(-(x-x09)^2/(2*sigma_x9^2) - (y-y09)^2/(2*sigma_y9^2))
minimizing energy
minimizing energy done, time: 0.90

  0%|          | 0/50000.0 [00:00<?, ?it/s]
100%|█████████▉| 49999/50000.0 [10:20:30<00:00,  1.34it/s]

 10%|█         | 5000/50000.0 [1:02:51<9:25:47,  1.33it/s]
 20%|██        | 10000/50000.0 [2:05:43<8:22:54,  1.33it/s]
 30%|███       | 15000/50000.0 [3:08:29<7:19:43,  1.33it/s]
 40%|████      | 20000/50000.0 [4:11:19<6:16:57,  1.33it/s]
 50%|█████     | 25000/50000.0 [5:14:16<5:14:20,  1.33it/s]
 60%|██████    | 30000/50000.0 [6:16:44<4:10:56,  1.33it/s]
 70%|███████   | 35000/50000.0 [7:19:17<3:08:00,  1.33it/s]
 80%|████████  | 40000/50000.0 [8:21:48<2:05:14,  1.33it/s]
 90%|█████████ | 45000/50000.0 [9:24:24<1:02:36,  1.33it/s]
100%|█████████▉| 49999/50000.0 [10:13:23<00:00,  1.43it/s] -A0*exp(-(x-x00)^2/(2*sigma_x0^2) - (y-y00)^2/(2*sigma_y0^2))
-A1*exp(-(x-x01)^2/(2*sigma_x1^2) - (y-y01)^2/(2*sigma_y1^2))
-A2*exp(-(x-x02)^2/(2*sigma_x2^2) - (y-y02)^2/(2*sigma_y2^2))
-A3*exp(-(x-x03)^2/(2*sigma_x3^2) - (y-y03)^2/(2*sigma_y3^2))
-A4*exp(-(x-x04)^2/(2*sigma_x4^2) - (y-y04)^2/(2*sigma_y4^2))
-A5*exp(-(x-x05)^2/(2*sigma_x5^2) - (y-y05)^2/(2*sigma_y5^2))
-A6*exp(-(x-x06)^2/(2*sigma_x6^2) - (y-y06)^2/(2*sigma_y6^2))
-A7*exp(-(x-x07)^2/(2*sigma_x7^2) - (y-y07)^2/(2*sigma_y7^2))
-A8*exp(-(x-x08)^2/(2*sigma_x8^2) - (y-y08)^2/(2*sigma_y8^2))
A9*exp(-(x-x09)^2/(2*sigma_x9^2) - (y-y09)^2/(2*sigma_y9^2))
minimizing energy
minimizing energy done, time: 0.80


  0%|          | 0/50000.0 [00:00<?, ?it/s][A
100%|█████████▉| 49999/50000.0 [10:22:18<00:00,  1.34it/s]


 10%|█         | 5000/50000.0 [1:02:49<9:25:27,  1.33it/s][A

 20%|██        | 10000/50000.0 [2:05:16<8:20:51,  1.33it/s][A

 30%|███       | 15000/50000.0 [3:07:42<7:17:40,  1.33it/s][A

 40%|████      | 20000/50000.0 [4:10:25<6:15:35,  1.33it/s][A
